TN:
SF:contracts/Bridge.sol
DA:16,38
FN:16,Bridge.initialize
FNDA:38,Bridge.initialize
DA:26,37
FNF:1
FNH:1
LF:2
LH:2
BRF:0
BRH:0
end_of_record
TN:
SF:contracts/Validator.sol
DA:13,58
FN:13,Validator.initialize
FNDA:58,Validator.initialize
DA:22,57
FNF:1
FNH:1
LF:2
LH:2
BRF:0
BRH:0
end_of_record
TN:
SF:contracts/token/ERC20Bridged.sol
DA:16,258
FN:16,ERC20Bridged.constructor
FNDA:258,ERC20Bridged.constructor
DA:25,258
DA:26,258
DA:39,257
FN:39,ERC20Bridged.decimals
FNDA:257,ERC20Bridged.decimals
DA:40,257
DA:48,257
FN:48,ERC20Bridged.bridge
FNDA:257,ERC20Bridged.bridge
DA:49,257
DA:58,0
FN:58,ERC20Bridged._update
FNDA:0,ERC20Bridged._update
DA:67,0
BRDA:67,0,0,-
BRDA:67,0,1,-
DA:68,0
BRDA:68,1,0,-
DA:69,0
DA:71,0
DA:74,0
BRDA:74,2,0,-
BRDA:74,2,1,-
DA:75,0
DA:77,0
FNF:4
FNH:3
LF:15
LH:7
BRF:5
BRH:0
end_of_record
TN:
SF:contracts/upgradeable/BridgeUpgradeable.sol
DA:49,49
FN:49,BridgeUpgradeable._getBridgeStorage
FNDA:49,BridgeUpgradeable._getBridgeStorage
DA:55,49
DA:59,37
FN:59,BridgeUpgradeable.__Bridge_init
FNDA:37,BridgeUpgradeable.__Bridge_init
DA:69,37
DA:70,37
DA:71,37
DA:72,37
DA:75,37
FN:75,BridgeUpgradeable.__Bridge_init_unchained
FNDA:37,BridgeUpgradeable.__Bridge_init_unchained
DA:83,37
DA:84,37
DA:85,37
DA:86,37
DA:92,3
FN:92,BridgeUpgradeable.setFeeReceiver
FNDA:3,BridgeUpgradeable.setFeeReceiver
DA:97,2
DA:101,3
FN:101,BridgeUpgradeable.setNativeSendAmount
FNDA:3,BridgeUpgradeable.setNativeSendAmount
DA:102,2
DA:106,3
FN:106,BridgeUpgradeable.setValidator
FNDA:3,BridgeUpgradeable.setValidator
DA:111,2
DA:115,1038
FN:115,BridgeUpgradeable.addToken
FNDA:1038,BridgeUpgradeable.addToken
DA:124,1038
DA:128,260
FN:128,BridgeUpgradeable.mapExternalToken
FNDA:260,BridgeUpgradeable.mapExternalToken
DA:137,259
DA:141,259
FN:141,BridgeUpgradeable.unmapExternalToken
FNDA:259,BridgeUpgradeable.unmapExternalToken
DA:147,258
DA:151,263
FN:151,BridgeUpgradeable.addToken
FNDA:263,BridgeUpgradeable.addToken
DA:161,1299
DA:165,4
FN:165,BridgeUpgradeable.pauseToken
FNDA:4,BridgeUpgradeable.pauseToken
DA:171,4
DA:175,2
FN:175,BridgeUpgradeable.unpauseToken
FNDA:2,BridgeUpgradeable.unpauseToken
DA:181,2
DA:185,259
FN:185,BridgeUpgradeable.removeToken
FNDA:259,BridgeUpgradeable.removeToken
DA:194,258
DA:198,259
FN:198,BridgeUpgradeable.deployExternalTokenERC20
FNDA:259,BridgeUpgradeable.deployExternalTokenERC20
DA:209,258
DA:217,2
FN:217,BridgeUpgradeable.feeReceiver
FNDA:2,BridgeUpgradeable.feeReceiver
DA:223,2
DA:227,2
FN:227,BridgeUpgradeable.nativeSendAmount
FNDA:2,BridgeUpgradeable.nativeSendAmount
DA:233,2
DA:238,0
FN:238,BridgeUpgradeable.feeValidityWindow
FNDA:0,BridgeUpgradeable.feeValidityWindow
DA:239,0
DA:243,2
FN:243,BridgeUpgradeable.validator
FNDA:2,BridgeUpgradeable.validator
DA:244,2
DA:248,0
FN:248,BridgeUpgradeable.lastEventID
FNDA:0,BridgeUpgradeable.lastEventID
DA:249,0
DA:253,0
FN:253,BridgeUpgradeable.isClaimed
FNDA:0,BridgeUpgradeable.isClaimed
DA:259,0
DA:263,0
FN:263,BridgeUpgradeable.isClaimed
FNDA:0,BridgeUpgradeable.isClaimed
DA:269,0
DA:280,0
FN:280,BridgeUpgradeable._validateSendValues
FNDA:0,BridgeUpgradeable._validateSendValues
DA:288,0
BRDA:288,0,0,-
BRDA:288,0,1,-
DA:292,0
BRDA:292,1,0,-
BRDA:292,1,1,-
DA:293,0
BRDA:293,2,0,-
BRDA:293,2,1,-
DA:294,0
BRDA:294,3,0,-
BRDA:294,3,1,-
DA:302,0
FN:302,BridgeUpgradeable._validateClaim
FNDA:0,BridgeUpgradeable._validateClaim
DA:309,0
BRDA:309,4,0,-
BRDA:309,4,1,-
DA:310,0
BRDA:310,5,0,-
BRDA:310,5,1,-
DA:311,0
BRDA:311,6,0,-
BRDA:311,6,1,-
DA:317,0
FN:317,BridgeUpgradeable._markClaimed
FNDA:0,BridgeUpgradeable._markClaimed
DA:318,0
DA:327,0
FN:327,BridgeUpgradeable._transferTokenToBridge
FNDA:0,BridgeUpgradeable._transferTokenToBridge
DA:335,0
BRDA:335,7,0,-
BRDA:335,7,1,-
DA:336,0
BRDA:336,8,0,-
BRDA:336,8,1,-
DA:341,0
BRDA:341,9,0,-
BRDA:341,9,1,-
DA:342,0
DA:343,0
DA:344,0
BRDA:344,10,0,-
BRDA:344,10,1,-
DA:350,0
FN:350,BridgeUpgradeable._sendFee
FNDA:0,BridgeUpgradeable._sendFee
DA:351,0
DA:352,0
BRDA:352,11,0,-
BRDA:352,11,1,-
DA:360,0
FN:360,BridgeUpgradeable._transferClaim
FNDA:0,BridgeUpgradeable._transferClaim
DA:368,0
BRDA:368,12,0,-
BRDA:368,12,1,-
DA:369,0
BRDA:369,13,0,-
BRDA:369,13,1,-
DA:370,0
DA:371,0
BRDA:371,14,0,-
BRDA:371,14,1,-
DA:372,0
DA:374,0
BRDA:374,15,0,-
DA:375,0
DA:377,0
DA:380,0
BRDA:380,16,0,-
BRDA:380,16,1,-
DA:381,0
DA:382,0
BRDA:382,17,0,-
DA:383,0
DA:384,0
BRDA:384,18,0,-
BRDA:384,18,1,-
DA:395,0
FN:395,BridgeUpgradeable._send
FNDA:0,BridgeUpgradeable._send
DA:404,0
DA:405,0
DA:408,0
DA:414,0
DA:425,0
DA:426,0
DA:427,0
DA:433,0
FN:433,BridgeUpgradeable.send
FNDA:0,BridgeUpgradeable.send
DA:444,0
DA:448,0
FN:448,BridgeUpgradeable.send
FNDA:0,BridgeUpgradeable.send
DA:463,0
DA:464,0
BRDA:464,19,0,-
DA:465,0
BRDA:465,20,0,-
BRDA:465,20,1,-
DA:466,0
DA:476,0
DA:479,0
DA:483,0
FN:483,BridgeUpgradeable.claim
FNDA:0,BridgeUpgradeable.claim
DA:491,0
DA:492,0
DA:493,0
BRDA:493,21,0,-
DA:494,0
DA:496,0
DA:497,0
DA:498,0
DA:499,0
DA:500,0
DA:501,0
FNF:31
FNH:17
LF:111
LH:40
BRF:40
BRH:0
end_of_record
TN:
SF:contracts/upgradeable/TokenManagerUpgradeable.sol
DA:27,7808
FN:27,TokenManagerUpgradeable._getTokenManagerStorage
FNDA:7808,TokenManagerUpgradeable._getTokenManagerStorage
DA:33,7808
DA:37,37
FN:37,TokenManagerUpgradeable.__TokenManager_init
FNDA:37,TokenManagerUpgradeable.__TokenManager_init
DA:44,37
DA:47,37
FN:47,TokenManagerUpgradeable.__TokenManager_init_unchained
FNDA:37,TokenManagerUpgradeable.__TokenManager_init_unchained
DA:54,37
DA:55,37
DA:56,37
DA:60,1299
FN:60,TokenManagerUpgradeable.addToken
FNDA:1299,TokenManagerUpgradeable.addToken
DA:69,1299
DA:70,1296
DA:74,259
FN:74,TokenManagerUpgradeable.mapExternalToken
FNDA:259,TokenManagerUpgradeable.mapExternalToken
DA:82,259
DA:86,258
FN:86,TokenManagerUpgradeable.unmapExternalToken
FNDA:258,TokenManagerUpgradeable.unmapExternalToken
DA:91,258
DA:95,4
FN:95,TokenManagerUpgradeable.pauseToken
FNDA:4,TokenManagerUpgradeable.pauseToken
DA:101,4
DA:105,2
FN:105,TokenManagerUpgradeable.unpauseToken
FNDA:2,TokenManagerUpgradeable.unpauseToken
DA:111,2
DA:115,258
FN:115,TokenManagerUpgradeable.removeToken
FNDA:258,TokenManagerUpgradeable.removeToken
DA:124,258
DA:128,258
FN:128,TokenManagerUpgradeable.deployExternalTokenERC20
FNDA:258,TokenManagerUpgradeable.deployExternalTokenERC20
DA:139,258
DA:146,0
FN:146,TokenManagerUpgradeable._wrap
FNDA:0,TokenManagerUpgradeable._wrap
DA:147,0
DA:152,0
FN:152,TokenManagerUpgradeable._unwrap
FNDA:0,TokenManagerUpgradeable._unwrap
DA:153,0
DA:160,1553
FN:160,TokenManagerUpgradeable.bridgableTokens
FNDA:1553,TokenManagerUpgradeable.bridgableTokens
DA:166,1553
DA:167,1553
DA:179,2067
FN:179,TokenManagerUpgradeable.external2token
FNDA:2067,TokenManagerUpgradeable.external2token
DA:185,2067
DA:186,2067
DA:190,1556
FN:190,TokenManagerUpgradeable.pausedTokens
FNDA:1556,TokenManagerUpgradeable.pausedTokens
DA:196,1556
DA:197,1556
DA:202,0
FN:202,TokenManagerUpgradeable.samb
FNDA:0,TokenManagerUpgradeable.samb
DA:203,0
DA:210,1557
FN:210,TokenManagerUpgradeable._addToken
FNDA:1557,TokenManagerUpgradeable._addToken
DA:218,1557
BRDA:218,0,0,1
DA:219,1
DA:221,1556
DA:222,2
BRDA:222,1,0,2
DA:223,2
DA:225,1554
BRDA:225,2,0,1
DA:226,1
DA:228,1553
DA:230,1553
DA:231,1553
DA:232,1553
DA:239,259
FN:239,TokenManagerUpgradeable._mapToken
FNDA:259,TokenManagerUpgradeable._mapToken
DA:246,259
DA:247,259
BRDA:247,3,0,1
DA:248,1
DA:250,258
BRDA:250,4,0,1
DA:251,1
DA:253,257
DA:254,257
DA:260,258
FN:260,TokenManagerUpgradeable._unmapToken
FNDA:258,TokenManagerUpgradeable._unmapToken
DA:264,258
DA:265,258
BRDA:265,5,0,1
DA:266,1
DA:268,257
DA:269,257
DA:276,258
FN:276,TokenManagerUpgradeable._removeToken
FNDA:258,TokenManagerUpgradeable._removeToken
DA:283,258
DA:284,258
BRDA:284,6,0,1
DA:285,1
DA:287,257
DA:289,257
DA:290,257
DA:291,257
DA:302,258
FN:302,TokenManagerUpgradeable._deployExternalTokenERC20
FNDA:258,TokenManagerUpgradeable._deployExternalTokenERC20
DA:311,258
DA:312,258
DA:313,258
DA:314,258
DA:315,257
DA:321,4
FN:321,TokenManagerUpgradeable._pauseToken
FNDA:4,TokenManagerUpgradeable._pauseToken
DA:322,4
DA:323,4
BRDA:323,7,0,1
DA:324,1
DA:326,3
DA:327,3
DA:333,2
FN:333,TokenManagerUpgradeable._unpauseToken
FNDA:2,TokenManagerUpgradeable._unpauseToken
DA:334,2
DA:335,1
BRDA:335,8,0,1
DA:336,1
DA:338,1
DA:339,1
FNF:23
FNH:20
LF:90
LH:84
BRF:9
BRH:9
end_of_record
TN:
SF:contracts/upgradeable/ValidatorUpgradeable.sol
DA:41,615
FN:41,ValidatorUpgradeable._getValidatorStorage
FNDA:615,ValidatorUpgradeable._getValidatorStorage
DA:47,615
DA:51,57
FN:51,ValidatorUpgradeable.__Validator_init
FNDA:57,ValidatorUpgradeable.__Validator_init
DA:60,57
DA:65,57
FN:65,ValidatorUpgradeable.__Validator_init_unchained
FNDA:57,ValidatorUpgradeable.__Validator_init_unchained
DA:75,57
DA:77,57
DA:78,57
DA:79,57
DA:80,57
DA:81,131
DA:86,264
FN:86,ValidatorUpgradeable.isValidator
FNDA:264,ValidatorUpgradeable.isValidator
DA:92,264
DA:93,264
DA:97,281
FN:97,ValidatorUpgradeable.addValidator
FNDA:281,ValidatorUpgradeable.addValidator
DA:103,280
BRDA:103,0,0,1
DA:104,1
DA:106,279
DA:107,279
DA:111,5
FN:111,ValidatorUpgradeable.removeValidator
FNDA:5,ValidatorUpgradeable.removeValidator
DA:117,4
DA:118,4
DA:122,3
FN:122,ValidatorUpgradeable.setPayloadSigner
FNDA:3,ValidatorUpgradeable.setPayloadSigner
DA:128,2
DA:129,2
DA:130,2
DA:134,2
FN:134,ValidatorUpgradeable.setFeeValidityWindow
FNDA:2,ValidatorUpgradeable.setFeeValidityWindow
DA:140,1
DA:141,1
DA:142,1
DA:146,1
FN:146,ValidatorUpgradeable.payloadSigner
FNDA:1,ValidatorUpgradeable.payloadSigner
DA:147,1
DA:148,1
DA:152,1
FN:152,ValidatorUpgradeable.feeValidityWindow
FNDA:1,ValidatorUpgradeable.feeValidityWindow
DA:153,1
DA:154,1
DA:158,4
FN:158,ValidatorUpgradeable.validate
FNDA:4,ValidatorUpgradeable.validate
DA:167,4
BRDA:167,1,0,1
DA:168,1
DA:170,3
DA:171,3
DA:172,3
BRDA:172,2,0,1
DA:173,1
DA:175,2
DA:176,2
DA:177,6
DA:178,6
DA:179,390
DA:181,6
DA:182,6
BRDA:182,3,0,1
DA:183,1
DA:186,1
DA:190,3
FN:190,ValidatorUpgradeable.validatePayload
FNDA:3,ValidatorUpgradeable.validatePayload
DA:199,3
DA:200,3
DA:201,3
DA:202,2
BRDA:202,4,0,1
DA:203,1
DA:205,1
FNF:12
FNH:12
LF:59
LH:59
BRF:5
BRH:5
end_of_record
TN:
SF:contracts/utils/AddressUtils.sol
DA:14,512
FN:14,AddressUtils.toAddressBE
FNDA:512,AddressUtils.toAddressBE
DA:19,512
DA:26,256
FN:26,AddressUtils.toAddressLE
FNDA:256,AddressUtils.toAddressLE
DA:31,256
DA:38,256
FN:38,AddressUtils.toAddress
FNDA:256,AddressUtils.toAddress
DA:46,256
DA:53,256
FN:53,AddressUtils.toAddress
FNDA:256,AddressUtils.toAddress
DA:58,256
DA:65,256
FN:65,AddressUtils.toAddress
FNDA:256,AddressUtils.toAddress
DA:70,256
FNF:5
FNH:5
LF:10
LH:10
BRF:0
BRH:0
end_of_record
TN:
SF:contracts/utils/NoncesUpgradeable.sol
DA:28,3889
FN:28,NoncesUpgradeable._getNoncesStorage
FNDA:3889,NoncesUpgradeable._getNoncesStorage
DA:34,3889
DA:38,37
FN:38,NoncesUpgradeable.__Nonces_init
FNDA:37,NoncesUpgradeable.__Nonces_init
DA:40,10
FN:40,NoncesUpgradeable.__Nonces_init_unchained
FNDA:10,NoncesUpgradeable.__Nonces_init_unchained
DA:45,779
FN:45,NoncesUpgradeable.nonces
FNDA:779,NoncesUpgradeable.nonces
DA:46,2344
DA:47,2344
DA:53,783
FN:53,NoncesUpgradeable.nonces
FNDA:783,NoncesUpgradeable.nonces
DA:54,783
DA:60,782
FN:60,NoncesUpgradeable.nonces
FNDA:782,NoncesUpgradeable.nonces
DA:61,782
DA:69,1545
FN:69,NoncesUpgradeable._useNonce
FNDA:1545,NoncesUpgradeable._useNonce
DA:70,1545
DA:75,1545
DA:84,258
FN:84,NoncesUpgradeable._useNonce
FNDA:258,NoncesUpgradeable._useNonce
DA:85,258
DA:93,258
FN:93,NoncesUpgradeable._useNonce
FNDA:258,NoncesUpgradeable._useNonce
DA:94,258
DA:100,772
FN:100,NoncesUpgradeable._useCheckedNonce
FNDA:772,NoncesUpgradeable._useCheckedNonce
DA:101,772
DA:102,772
BRDA:102,0,0,1
DA:103,1
DA:110,258
FN:110,NoncesUpgradeable._useCheckedNonce
FNDA:258,NoncesUpgradeable._useCheckedNonce
DA:111,258
DA:117,257
FN:117,NoncesUpgradeable._useCheckedNonce
FNDA:257,NoncesUpgradeable._useCheckedNonce
DA:118,257
FNF:12
FNH:12
LF:26
LH:26
BRF:1
BRH:1
end_of_record
TN:
SF:contracts/utils/PayloadUtils.sol
DA:17,262
FN:17,PayloadUtils.toHash
FNDA:262,PayloadUtils.toHash
DA:22,262
DA:29,262
FN:29,PayloadUtils.toEthSignedMessageHash
FNDA:262,PayloadUtils.toEthSignedMessageHash
DA:34,262
DA:44,262
FNF:2
FNH:2
LF:5
LH:5
BRF:0
BRH:0
end_of_record
TN:
SF:contracts/utils/ReceiptUtils.sol
DA:17,278
FN:17,ReceiptUtils.toHash
FNDA:278,ReceiptUtils.toHash
DA:22,278
DA:29,278
FN:29,ReceiptUtils.toEthSignedMessageHash
FNDA:278,ReceiptUtils.toEthSignedMessageHash
DA:34,278
DA:47,278
FNF:2
FNH:2
LF:5
LH:5
BRF:0
BRH:0
end_of_record
